<?xml version="1.0" encoding="UTF-8"?>
<!-- Generated by org.testng.reporters.JUnitXMLReporter -->
<testsuite ignored="1" hostname="LAPTOP-18AKVR5U" failures="0" tests="2" name="Surefire test" time="17.757" errors="0" timestamp="08 Dec 2021 07:23:58 GMT">
  <testcase classname="com.Automation.Test.LoginTest" name="VerifyLogin" time="6.916"/>
  <testcase classname="com.Automation.Test.LoginTest" name="VerifyAddUser" time="3.393"/>
  <testcase classname="com.Automation.Test.BaseTest" name="@BeforeTest setUp" time="0.0">
    <ignored/>
  </testcase> <!-- @BeforeTest setUp -->
</testsuite> <!-- Surefire test -->
