<?xml version="1.0" encoding="UTF-8"?>
<testng-results ignored="1" total="3" passed="2" failed="0" skipped="0">
  <reporter-output>
  </reporter-output>
  <suite started-at="2021-12-08T07:23:40Z" name="Surefire suite" finished-at="2021-12-08T07:23:58Z" duration-ms="17757">
    <groups>
    </groups>
    <test started-at="2021-12-08T07:23:40Z" name="Surefire test" finished-at="2021-12-08T07:23:58Z" duration-ms="17757">
      <class name="com.Automation.Test.BaseTest">
        <test-method is-config="true" signature="setUp()[pri:0, instance:com.Automation.Test.BaseTest@7d64e326]" started-at="2021-12-08T07:23:40Z" name="setUp" finished-at="2021-12-08T07:23:48Z" duration-ms="7398" status="PASS">
          <reporter-output>
          </reporter-output>
        </test-method> <!-- setUp -->
      </class> <!-- com.Automation.Test.BaseTest -->
      <class name="com.Automation.Test.LoginTest">
        <test-method signature="VerifyLogin()[pri:0, instance:com.Automation.Test.LoginTest@13f95696]" started-at="2021-12-08T07:23:48Z" name="VerifyLogin" finished-at="2021-12-08T07:23:55Z" duration-ms="6916" status="PASS">
          <reporter-output>
          </reporter-output>
        </test-method> <!-- VerifyLogin -->
        <test-method signature="VerifyAddUser()[pri:1, instance:com.Automation.Test.LoginTest@13f95696]" started-at="2021-12-08T07:23:55Z" name="VerifyAddUser" finished-at="2021-12-08T07:23:58Z" duration-ms="3393" status="PASS">
          <reporter-output>
          </reporter-output>
        </test-method> <!-- VerifyAddUser -->
      </class> <!-- com.Automation.Test.LoginTest -->
    </test> <!-- Surefire test -->
  </suite> <!-- Surefire suite -->
</testng-results>
