<?xml version="1.0" encoding="UTF-8"?>
<testng-results ignored="0" total="2" passed="2" failed="0" skipped="0">
  <reporter-output>
  </reporter-output>
  <suite started-at="2021-12-08T05:52:09Z" name="Default suite" finished-at="2021-12-08T05:52:22Z" duration-ms="13310">
    <groups>
    </groups>
    <test started-at="2021-12-08T05:52:09Z" name="Default test" finished-at="2021-12-08T05:52:22Z" duration-ms="13310">
      <class name="com.Automation.Test.LoginTest">
        <test-method is-config="true" signature="setUp()[pri:0, instance:com.Automation.Test.LoginTest@5d465e4b]" started-at="2021-12-08T05:52:09Z" name="setUp" finished-at="2021-12-08T05:52:14Z" duration-ms="4820" status="PASS">
          <reporter-output>
          </reporter-output>
        </test-method> <!-- setUp -->
        <test-method signature="VerifyLogin()[pri:0, instance:com.Automation.Test.LoginTest@5d465e4b]" started-at="2021-12-08T05:52:14Z" name="VerifyLogin" finished-at="2021-12-08T05:52:18Z" duration-ms="4826" status="PASS">
          <reporter-output>
          </reporter-output>
        </test-method> <!-- VerifyLogin -->
        <test-method signature="VerifyAddUser()[pri:1, instance:com.Automation.Test.LoginTest@5d465e4b]" started-at="2021-12-08T05:52:18Z" name="VerifyAddUser" finished-at="2021-12-08T05:52:22Z" duration-ms="3642" status="PASS">
          <reporter-output>
          </reporter-output>
        </test-method> <!-- VerifyAddUser -->
      </class> <!-- com.Automation.Test.LoginTest -->
    </test> <!-- Default test -->
  </suite> <!-- Default suite -->
</testng-results>
